--- 07-06-2025 11:46:48 ---
[IGNORADO] Já cadastrado: 75340 - Claure Inez Corso Baggio
[IGNORADO] Já cadastrado: 28438 - Amanda Pesarini
Sincronização concluída. Total inseridos: 0
Executando sincronização: sáb 07 jun 2025 11:50:13 -03

--- 07-06-2025 11:50:14 ---
[IGNORADO] Já cadastrado: 75340 - Claure Inez Corso Baggio
[IGNORADO] Já cadastrado: 28438 - Amanda Pesarini
Sincronização concluída. Total inseridos: 0
Executando sincronização: sáb 07 jun 2025 12:00:01 -03

--- 07-06-2025 12:00:03 ---
[IGNORADO] Já cadastrado: 75340 - Claure Inez Corso Baggio
[IGNORADO] Já cadastrado: 28438 - Amanda Pesarini
Sincronização concluída. Total inseridos: 0
Executando sincronização: dom 08 jun 2025 03:00:01 -03

--- 08-06-2025 03:00:03 ---
[IGNORADO] Já cadastrado: 75340 - Claure Inez Corso Baggio
[IGNORADO] Já cadastrado: 28438 - Amanda Pesarini
Sincronização concluída. Total inseridos: 0

--- 09-06-2025 11:03:02 ---
[INSERIDO] 75470 - Suzana Bonadiman
[INSERIDO] 75510 - Kamila Nandi de Souza
[INSERIDO] 75217 - Aline da Silva
[INSERIDO] 72386 - Samuara Rodrigues de Rodrigues 
Sincronização concluída. Total inseridos: 4
Executando sincronização: ter 10 jun 2025 03:00:01 -03

--- 10-06-2025 03:00:02 ---
[IGNORADO] Já cadastrado: 75510 - Kamila Nandi de Souza
[IGNORADO] Já cadastrado: 75217 - Aline da Silva
[INSERIDO] 75537 - Ines Pires dos Santos
Sincronização concluída. Total inseridos: 1

--- 10-06-2025 12:08:03 ---
[INSERIDO] 74040 - Juliana da Rocha Roncaratti
[INSERIDO] 75434 - Evandro Bortoletto Vazquez Varela
[INSERIDO] 75538 - Elisandra da Silva Bugmann
[INSERIDO] 75327 - Aurea Isabel Rodrigues Ferreira
[INSERIDO] 75502 - Olindina Machado Rubik
Sincronização concluída. Total inseridos: 5
Executando sincronização: qua 11 jun 2025 03:00:01 -03

--- 11-06-2025 03:00:02 ---
[IGNORADO] Já cadastrado: 75538 - Elisandra da Silva Bugmann
[INSERIDO] 75514 - Vilmo Nivaldo dos Santos
[IGNORADO] Já cadastrado: 75502 - Olindina Machado Rubik
Sincronização concluída. Total inseridos: 1
Executando sincronização: qui 12 jun 2025 03:00:01 -03

--- 12-06-2025 03:00:02 ---
[IGNORADO] Já cadastrado: 75502 - Olindina Machado Rubik
Sincronização concluída. Total inseridos: 0
Executando sincronização: sex 13 jun 2025 03:00:01 -03

--- 13-06-2025 03:00:02 ---
[INSERIDO] 75454 - Maria Lapa Bernardes Martins
[INSERIDO] 75319 - Gloria Eiko Araki
[INSERIDO] 75453 - Simone de Souza
[INSERIDO] 75237 - Viviane Poyastro Pinheiro
[INSERIDO] 75333 - Dilair Salete Daroit
[INSERIDO] 75179 - Paulina Elza da Silva Trierweiller
[INSERIDO] 75521 - Juliana Iete Nunes
[INSERIDO] 75451 - Anaelise Wenceslau Trindade
Sincronização concluída. Total inseridos: 8
Executando sincronização: sáb 14 jun 2025 03:00:01 -03

--- 14-06-2025 03:00:02 ---
[INSERIDO] 70657 - Cassiane Lima Ferreira 
[INSERIDO] 70630 - Marlene Maria Machado de Andrade
[INSERIDO] 75542 - Andrea Cerboni Wissing
[INSERIDO] 69173 - Maria Cristina Soccol Pasquali
[INSERIDO] 75543 - Nirlei Fatima Binda Lucion
[IGNORADO] Já cadastrado: 75179 - Paulina Elza da Silva Trierweiller
[INSERIDO] 75565 - Marcia Regina Spezia
[IGNORADO] Já cadastrado: 75521 - Juliana Iete Nunes
[IGNORADO] Já cadastrado: 75451 - Anaelise Wenceslau Trindade
Sincronização concluída. Total inseridos: 6
Executando sincronização: dom 15 jun 2025 03:00:01 -03

--- 15-06-2025 03:00:02 ---
[INSERIDO] 74826 - Talita Samuel Bacchi
[IGNORADO] Já cadastrado: 75542 - Andrea Cerboni Wissing
[INSERIDO] 75544 - Riani Garcia Vargas Tezza
[INSERIDO] 75485 - Deise Carina Homiak Teston
[INSERIDO] 75486 - Paulo Sergio Teston
Sincronização concluída. Total inseridos: 4
Executando sincronização: seg 16 jun 2025 03:00:01 -03

--- 16-06-2025 03:00:03 ---
[IGNORADO] Já cadastrado: 74826 - Talita Samuel Bacchi
[INSERIDO] 75545 - Bruna Prado da Silva
[IGNORADO] Já cadastrado: 75544 - Riani Garcia Vargas Tezza
[IGNORADO] Já cadastrado: 75485 - Deise Carina Homiak Teston
[IGNORADO] Já cadastrado: 75486 - Paulo Sergio Teston
Sincronização concluída. Total inseridos: 1
Executando sincronização: ter 17 jun 2025 03:00:01 -03

--- 17-06-2025 03:00:02 ---
[INSERIDO] 75547 - Emilly Taruhn de Souza
[INSERIDO] 75576 - Morgana Tonon Pacifico
[INSERIDO] 75548 - Vanessa Krummenauer
Sincronização concluída. Total inseridos: 3
Executando sincronização: qua 18 jun 2025 03:00:01 -03

--- 18-06-2025 03:00:02 ---
[INSERIDO] 75479 - Eduardo Jose Rutkosky
[INSERIDO] 75573 - Hellen Assuncao da Silva
Sincronização concluída. Total inseridos: 2
Executando sincronização: qui 19 jun 2025 03:00:01 -03

--- 19-06-2025 03:00:02 ---
[INSERIDO] 75586 - Vilma Petri Ventura
[INSERIDO] 75633 - Suelli Maria da Silva
Sincronização concluída. Total inseridos: 2
Executando sincronização: sex 20 jun 2025 03:00:01 -03

--- 20-06-2025 03:00:02 ---
[INSERIDO] 75622 - Volmir Leidens
[INSERIDO] 75624 - Lais Joice Senger Luy
[INSERIDO] 75621 - Elisabete Hoegen
Sincronização concluída. Total inseridos: 3
Executando sincronização: sáb 21 jun 2025 03:00:02 -03

--- 21-06-2025 03:00:03 ---
[INSERIDO] 72301 - Fatima Eliane Samuel
[INSERIDO] 75648 - Denise Sarturi
[INSERIDO] 75626 - Giselle Borgognon De Casco
[INSERIDO] 75629 - Ada Poliana Moreira Nagem
Sincronização concluída. Total inseridos: 4
Executando sincronização: dom 22 jun 2025 03:00:01 -03

--- 22-06-2025 03:00:02 ---
[IGNORADO] Já cadastrado: 75502 - Olindina Machado Rubik
[INSERIDO] 75413 - Robson Costa
[INSERIDO] 75113 - Juliane Pellanda
[INSERIDO] 75631 - Nathalia Siqueira Julio
[INSERIDO] 75630 - Adila Arruda Safi
[INSERIDO] 75650 - Marines de Oliveira
[INSERIDO] 75651 - Andreza Miria Bento Peixoto
[INSERIDO] 75652 - Marcia Andreia Cunha de Oliveira
Sincronização concluída. Total inseridos: 7
Executando sincronização: seg 23 jun 2025 03:00:01 -03

--- 23-06-2025 03:00:03 ---
[IGNORADO] Já cadastrado: 75502 - Olindina Machado Rubik
[IGNORADO] Já cadastrado: 75413 - Robson Costa
[IGNORADO] Já cadastrado: 75650 - Marines de Oliveira
[IGNORADO] Já cadastrado: 75630 - Adila Arruda Safi
[IGNORADO] Já cadastrado: 75631 - Nathalia Siqueira Julio
[IGNORADO] Já cadastrado: 75113 - Juliane Pellanda
[IGNORADO] Já cadastrado: 75652 - Marcia Andreia Cunha de Oliveira
[IGNORADO] Já cadastrado: 75651 - Andreza Miria Bento Peixoto
Sincronização concluída. Total inseridos: 0
Executando sincronização: ter 24 jun 2025 03:00:01 -03

--- 24-06-2025 03:00:03 ---
[IGNORADO] Já cadastrado: 75502 - Olindina Machado Rubik
[INSERIDO] 75660 - Giovanna Cristina Campos Jube Barbosa
[INSERIDO] 75663 - Thais Meime Santos
[INSERIDO] 75678 - Ana Katia Monteiro Rodrigues Gomes
Sincronização concluída. Total inseridos: 3
Executando sincronização: qua 25 jun 2025 03:00:01 -03

--- 25-06-2025 03:00:03 ---
[IGNORADO] Já cadastrado: 75502 - Olindina Machado Rubik
[INSERIDO] 72446 - Chaiany da Guia Licariao Costa
[INSERIDO] 67178 - Licinia Maria Ungarelli Toledo
Sincronização concluída. Total inseridos: 2
Executando sincronização: qui 26 jun 2025 03:00:01 -03

--- 26-06-2025 03:00:03 ---
[IGNORADO] Já cadastrado: 75502 - Olindina Machado Rubik
[INSERIDO] 75661 - Fernanda Diamantina de Oliveira Grellet
[INSERIDO] 56301 - Fernanda Maciel Witiuk
[INSERIDO] 75643 - Edna Pereira Rodrigues
[INSERIDO] 75666 - Liziane Regina Tonial
[INSERIDO] 75665 - Ana Maria do Prado
[INSERIDO] 75639 - Natalia da Rosa Cichoski Henrique
Sincronização concluída. Total inseridos: 6
Executando sincronização: sex 27 jun 2025 03:00:02 -03

--- 27-06-2025 03:00:03 ---
[INSERIDO] 75387 - Aline Sanceverino da Silva
[IGNORADO] Já cadastrado: 75639 - Natalia da Rosa Cichoski Henrique
Sincronização concluída. Total inseridos: 1
Executando sincronização: sáb 28 jun 2025 03:00:01 -03

--- 28-06-2025 03:00:34 ---
[IGNORADO] Já cadastrado: 75639 - Natalia da Rosa Cichoski Henrique
Sincronização concluída. Total inseridos: 0
Executando sincronização: ter 01 jul 2025 03:00:01 -03

--- 01-07-2025 03:00:04 ---
[INSERIDO] 75720 - Graziela Duarte Tasca
[INSERIDO] 75719 - Ramon da Rosa Correa
[INSERIDO] 75687 - Vania D'aquino Pinho
[INSERIDO] 63198 - Fabiana da Silveira
[INSERIDO] 75689 - Vivian Cristina Zilli
Sincronização concluída. Total inseridos: 5
Executando sincronização: qua 02 jul 2025 03:00:01 -03

--- 02-07-2025 03:00:03 ---
[INSERIDO] 74045 - Vitoria de Almeida Crippa
[INSERIDO] 75735 - Eduardo D Avila da Cunha
Sincronização concluída. Total inseridos: 2
Executando sincronização: qui 03 jul 2025 03:00:01 -03

--- 03-07-2025 03:00:03 ---
[INSERIDO] 75793 - Fernanda Figueira Serafim
Sincronização concluída. Total inseridos: 1
Executando sincronização: sex 04 jul 2025 03:00:01 -03

--- 04-07-2025 03:00:04 ---
Sincronização concluída. Total inseridos: 0
Executando sincronização: sáb 05 jul 2025 03:00:01 -03

--- 05-07-2025 03:00:03 ---
[INSERIDO] 75772 - Daniela Leomara Pacheco da Silva
Sincronização concluída. Total inseridos: 1
Executando sincronização: dom 06 jul 2025 03:00:01 -03

--- 06-07-2025 03:00:03 ---
[INSERIDO] 75588 - Nicolly Reitz da Luz Venancio
[INSERIDO] 75773 - Julia Wippel da Cunha Pereira
[INSERIDO] 75589 - Gabryelle Ferreira Cabral
[INSERIDO] 75590 - Ana Clara de Castro Araujo
[INSERIDO] 71590 - Maria Adelaide de Holanda Lima 
Sincronização concluída. Total inseridos: 5
Executando sincronização: seg 07 jul 2025 03:00:02 -03

--- 07-07-2025 03:00:04 ---
[IGNORADO] Já cadastrado: 75588 - Nicolly Reitz da Luz Venancio
[IGNORADO] Já cadastrado: 75773 - Julia Wippel da Cunha Pereira
[IGNORADO] Já cadastrado: 75589 - Gabryelle Ferreira Cabral
[IGNORADO] Já cadastrado: 75590 - Ana Clara de Castro Araujo
[IGNORADO] Já cadastrado: 71590 - Maria Adelaide de Holanda Lima 
Sincronização concluída. Total inseridos: 0
Executando sincronização: ter 08 jul 2025 03:00:01 -03

--- 08-07-2025 03:00:04 ---
[INSERIDO] 75794 - Eliete Pessoa
[INSERIDO] 75686 - Isabella Borges Schlickmann
[INSERIDO] 75779 - Tainara Borges Tonetto Lunardi
[INSERIDO] 75823 - Thamara Mayndra de Oliveira
Sincronização concluída. Total inseridos: 4
Executando sincronização: qua 09 jul 2025 03:00:01 -03

--- 09-07-2025 03:00:04 ---
[INSERIDO] 15821 - Renato Machry
[INSERIDO] 75839 - Maria Laura Branquinho Ferracioli
[INSERIDO] 75803 - Adriana Ruas Garcia
[INSERIDO] 75495 - Marco Andre Santiago Pinto
[INSERIDO] 74464 - Edriane Rodrigues da Cruz
[INSERIDO] 75638 - Cira Ana Cerutti
Sincronização concluída. Total inseridos: 6
Executando sincronização: qui 10 jul 2025 03:00:01 -03

--- 10-07-2025 03:00:03 ---
[IGNORADO] Já cadastrado: 75638 - Cira Ana Cerutti
[INSERIDO] 75762 - Thereza Christina Vallim
[INSERIDO] 75749 - Patricia Tatiane Tessaro
Sincronização concluída. Total inseridos: 2
Executando sincronização: sex 11 jul 2025 03:00:01 -03

--- 11-07-2025 03:00:03 ---
[IGNORADO] Já cadastrado: 75638 - Cira Ana Cerutti
[INSERIDO] 75698 - Suenia Varaschin Chedid
[INSERIDO] 54730 - Anderson Fernandes Serafim
Sincronização concluída. Total inseridos: 2
Executando sincronização: sáb 12 jul 2025 03:00:01 -03

--- 12-07-2025 03:00:02 ---
[INSERIDO] 75783 - Rosangela Correa
[INSERIDO] 75726 - Roberta Carvalho de Souza Colombo
[INSERIDO] 75725 - Daniela Pellissari Frare
[INSERIDO] 75888 - Marcia Cristina da Silveira Lopes
[INSERIDO] 75649 - Marcos da Silva Colonetti
Sincronização concluída. Total inseridos: 5
Executando sincronização: seg jul 14 07:34:53 EDT 2025

--- 14-07-2025 08:34:54 ---
[ERRO] Erro ao sincronizar pacientes: 1452 (23000): Cannot add or update a child row: a foreign key constraint fails (`ged`.`pessoa_fisica`, CONSTRAINT `pessoa_fisica_ibfk_1` FOREIGN KEY (`login`) REFERENCES `usuarios` (`login`))

--- 14-07-2025 08:48:39 ---
[ERRO] Erro ao sincronizar pacientes: 1452 (23000): Cannot add or update a child row: a foreign key constraint fails (`ged`.`pessoa_fisica`, CONSTRAINT `pessoa_fisica_ibfk_1` FOREIGN KEY (`login`) REFERENCES `usuarios` (`login`))

--- 14-07-2025 08:49:11 ---
[ERRO] Erro ao sincronizar pacientes: 1452 (23000): Cannot add or update a child row: a foreign key constraint fails (`ged`.`pessoa_fisica`, CONSTRAINT `pessoa_fisica_ibfk_1` FOREIGN KEY (`login`) REFERENCES `usuarios` (`login`))
Executando sincronização: seg jul 14 07:59:17 EDT 2025

--- 14-07-2025 08:59:17 ---
[ERRO] Erro ao sincronizar pacientes: 1452 (23000): Cannot add or update a child row: a foreign key constraint fails (`ged`.`pessoa_fisica`, CONSTRAINT `pessoa_fisica_ibfk_1` FOREIGN KEY (`login`) REFERENCES `usuarios` (`login`))

--- 14-07-2025 09:05:38 ---
[ERRO] Erro ao sincronizar pacientes: 1452 (23000): Cannot add or update a child row: a foreign key constraint fails (`ged`.`pessoa_fisica`, CONSTRAINT `pessoa_fisica_ibfk_1` FOREIGN KEY (`login`) REFERENCES `usuarios` (`login`))

--- 14-07-2025 09:06:29 ---
[ERRO] Erro ao sincronizar pacientes: 1452 (23000): Cannot add or update a child row: a foreign key constraint fails (`ged`.`pessoa_fisica`, CONSTRAINT `pessoa_fisica_ibfk_1` FOREIGN KEY (`login`) REFERENCES `usuarios` (`login`))

--- 14-07-2025 09:07:23 ---
[ERRO] Erro ao sincronizar pacientes: 1452 (23000): Cannot add or update a child row: a foreign key constraint fails (`ged`.`pessoa_fisica`, CONSTRAINT `pessoa_fisica_ibfk_1` FOREIGN KEY (`login`) REFERENCES `usuarios` (`login`))

--- 14-07-2025 09:12:28 ---
[ERRO] Erro ao sincronizar pacientes: 1452 (23000): Cannot add or update a child row: a foreign key constraint fails (`ged`.`pessoa_fisica`, CONSTRAINT `pessoa_fisica_ibfk_1` FOREIGN KEY (`login`) REFERENCES `usuarios` (`login`))

--- 14-07-2025 09:12:35 ---
[ERRO] Erro ao sincronizar pacientes: 1452 (23000): Cannot add or update a child row: a foreign key constraint fails (`ged`.`pessoa_fisica`, CONSTRAINT `pessoa_fisica_ibfk_1` FOREIGN KEY (`login`) REFERENCES `usuarios` (`login`))

--- 14-07-2025 09:13:40 ---
[INSERIDO] 75911 - Severo Rateke Filho
[INSERIDO] 75653 - Stefani Ruana da Rosa
[INSERIDO] 75882 - Luana Cristie Rocha
[INSERIDO] 71245 - Jacqueline da Silva Viana 
[INSERIDO] 75751 - Vitoria Marques Polpeta
[IGNORADO] Já cadastrado: 75913 - Dianilde Pinto Cardoso
Sincronização concluída. Total inseridos: 5
